# JRE version: OpenJDK Runtime Environment Temurin-21.0.9+10 (21.0.9+10) (build 21.0.9+10-LTS)
# Java VM: OpenJDK 64-Bit Server VM Temurin-21.0.9+10 (21.0.9+10-LTS, mixed mode, sharing, tiered, compressed oops, compressed class ptrs, parallel gc, windows-amd64)
GC Precious Log:
 CardTable entry size: 512
 CPUs: 8 total, 8 available
 Memory: 7455M
 Large Page Support: Disabled
 NUMA Support: Disabled
 Compressed Oops: Enabled (32-bit)
 Alignments: Space 512K, Generation 512K, Heap 2M
 Heap Min Capacity: 100M
 Heap Initial Capacity: 100M
 Heap Max Capacity: 2G
 Pre-touch: Disabled
 Parallel Workers: 8
Heap:
 PSYoungGen      total 14336K, used 7655K [0x00000000d5580000, 0x00000000d6700000, 0x0000000100000000)
  eden space 13312K, 53% used [0x00000000d5580000,0x00000000d5c81dc0,0x00000000d6280000)
  from space 1024K, 46% used [0x00000000d6280000,0x00000000d62f8000,0x00000000d6380000)
  to   space 1024K, 0% used [0x00000000d6600000,0x00000000d6600000,0x00000000d6700000)
 ParOldGen       total 68608K, used 52895K [0x0000000080000000, 0x0000000084300000, 0x00000000d5580000)
  object space 68608K, 77% used [0x0000000080000000,0x00000000833a7d50,0x0000000084300000)
 Metaspace       used 56763K, committed 58112K, reserved 1114112K
  class space    used 6653K, committed 7232K, reserved 1048576K
GC Heap History (20 events):
Event: 15.344 GC heap before
{Heap before GC invocations=28 (full 2):
 PSYoungGen      total 19456K, used 19008K [0x00000000d5580000, 0x00000000d6a80000, 0x0000000100000000)
  eden space 17408K, 100% used [0x00000000d5580000,0x00000000d6680000,0x00000000d6680000)
  from space 2048K, 78% used [0x00000000d6700000,0x00000000d6890000,0x00000000d6900000)
  to   space 1536K, 0% used [0x00000000d6900000,0x00000000d6900000,0x00000000d6a80000)
 ParOldGen       total 68608K, used 42796K [0x0000000080000000, 0x0000000084300000, 0x00000000d5580000)
  object space 68608K, 62% used [0x0000000080000000,0x00000000829cb298,0x0000000084300000)
 Metaspace       used 48156K, committed 49280K, reserved 1114112K
  class space    used 5435K, committed 5952K, reserved 1048576K
}
Event: 15.348 GC heap after
{Heap after GC invocations=28 (full 2):
 PSYoungGen      total 18944K, used 1072K [0x00000000d5580000, 0x00000000d6a80000, 0x0000000100000000)
  eden space 17408K, 0% used [0x00000000d5580000,0x00000000d5580000,0x00000000d6680000)
  from space 1536K, 69% used [0x00000000d6900000,0x00000000d6a0c010,0x00000000d6a80000)
  to   space 1536K, 0% used [0x00000000d6780000,0x00000000d6780000,0x00000000d6900000)
 ParOldGen       total 68608K, used 44185K [0x0000000080000000, 0x0000000084300000, 0x00000000d5580000)
  object space 68608K, 64% used [0x0000000080000000,0x0000000082b265f0,0x0000000084300000)
 Metaspace       used 48156K, committed 49280K, reserved 1114112K
  class space    used 5435K, committed 5952K, reserved 1048576K
}
Event: 15.715 GC heap before
{Heap before GC invocations=29 (full 2):
 PSYoungGen      total 18944K, used 18480K [0x00000000d5580000, 0x00000000d6a80000, 0x0000000100000000)
  eden space 17408K, 100% used [0x00000000d5580000,0x00000000d6680000,0x00000000d6680000)
  from space 1536K, 69% used [0x00000000d6900000,0x00000000d6a0c010,0x00000000d6a80000)
  to   space 1536K, 0% used [0x00000000d6780000,0x00000000d6780000,0x00000000d6900000)
 ParOldGen       total 68608K, used 44185K [0x0000000080000000, 0x0000000084300000, 0x00000000d5580000)
  object space 68608K, 64% used [0x0000000080000000,0x0000000082b26650,0x0000000084300000)
 Metaspace       used 49852K, committed 51072K, reserved 1114112K
  class space    used 5676K, committed 6208K, reserved 1048576K
}
Event: 15.717 GC heap after
{Heap after GC invocations=29 (full 2):
 PSYoungGen      total 18432K, used 916K [0x00000000d5580000, 0x00000000d6980000, 0x0000000100000000)
  eden space 17408K, 0% used [0x00000000d5580000,0x00000000d5580000,0x00000000d6680000)
  from space 1024K, 89% used [0x00000000d6780000,0x00000000d68653d8,0x00000000d6880000)
  to   space 1024K, 0% used [0x00000000d6880000,0x00000000d6880000,0x00000000d6980000)
 ParOldGen       total 68608K, used 45101K [0x0000000080000000, 0x0000000084300000, 0x00000000d5580000)
  object space 68608K, 65% used [0x0000000080000000,0x0000000082c0b5f0,0x0000000084300000)
 Metaspace       used 49852K, committed 51072K, reserved 1114112K
  class space    used 5676K, committed 6208K, reserved 1048576K
}
Event: 16.018 GC heap before
{Heap before GC invocations=30 (full 2):
 PSYoungGen      total 18432K, used 18324K [0x00000000d5580000, 0x00000000d6980000, 0x0000000100000000)
  eden space 17408K, 100% used [0x00000000d5580000,0x00000000d6680000,0x00000000d6680000)
  from space 1024K, 89% used [0x00000000d6780000,0x00000000d68653d8,0x00000000d6880000)
  to   space 1024K, 0% used [0x00000000d6880000,0x00000000d6880000,0x00000000d6980000)
 ParOldGen       total 68608K, used 45105K [0x0000000080000000, 0x0000000084300000, 0x00000000d5580000)
  object space 68608K, 65% used [0x0000000080000000,0x0000000082c0c658,0x0000000084300000)
 Metaspace       used 51270K, committed 52416K, reserved 1114112K
  class space    used 5842K, committed 6336K, reserved 1048576K
}
Event: 16.020 GC heap after
{Heap after GC invocations=30 (full 2):
 PSYoungGen      total 18432K, used 896K [0x00000000d5580000, 0x00000000d6980000, 0x0000000100000000)
  eden space 17408K, 0% used [0x00000000d5580000,0x00000000d5580000,0x00000000d6680000)
  from space 1024K, 87% used [0x00000000d6880000,0x00000000d6960000,0x00000000d6980000)
  to   space 1024K, 0% used [0x00000000d6780000,0x00000000d6780000,0x00000000d6880000)
 ParOldGen       total 68608K, used 45790K [0x0000000080000000, 0x0000000084300000, 0x00000000d5580000)
  object space 68608K, 66% used [0x0000000080000000,0x0000000082cb78b8,0x0000000084300000)
 Metaspace       used 51270K, committed 52416K, reserved 1114112K
  class space    used 5842K, committed 6336K, reserved 1048576K
}
Event: 16.269 GC heap before
{Heap before GC invocations=31 (full 2):
 PSYoungGen      total 18432K, used 18304K [0x00000000d5580000, 0x00000000d6980000, 0x0000000100000000)
  eden space 17408K, 100% used [0x00000000d5580000,0x00000000d6680000,0x00000000d6680000)
  from space 1024K, 87% used [0x00000000d6880000,0x00000000d6960000,0x00000000d6980000)
  to   space 1024K, 0% used [0x00000000d6780000,0x00000000d6780000,0x00000000d6880000)
 ParOldGen       total 68608K, used 45790K [0x0000000080000000, 0x0000000084300000, 0x00000000d5580000)
  object space 68608K, 66% used [0x0000000080000000,0x0000000082cb78b8,0x0000000084300000)
 Metaspace       used 51794K, committed 52992K, reserved 1114112K
  class space    used 5907K, committed 6400K, reserved 1048576K
}
Event: 16.271 GC heap after
{Heap after GC invocations=31 (full 2):
 PSYoungGen      total 18432K, used 640K [0x00000000d5580000, 0x00000000d6900000, 0x0000000100000000)
  eden space 17408K, 0% used [0x00000000d5580000,0x00000000d5580000,0x00000000d6680000)
  from space 1024K, 62% used [0x00000000d6780000,0x00000000d6820000,0x00000000d6880000)
  to   space 512K, 0% used [0x00000000d6880000,0x00000000d6880000,0x00000000d6900000)
 ParOldGen       total 68608K, used 46519K [0x0000000080000000, 0x0000000084300000, 0x00000000d5580000)
  object space 68608K, 67% used [0x0000000080000000,0x0000000082d6dc58,0x0000000084300000)
 Metaspace       used 51794K, committed 52992K, reserved 1114112K
  class space    used 5907K, committed 6400K, reserved 1048576K
}
Event: 16.693 GC heap before
{Heap before GC invocations=32 (full 2):
 PSYoungGen      total 18432K, used 18048K [0x00000000d5580000, 0x00000000d6900000, 0x0000000100000000)
  eden space 17408K, 100% used [0x00000000d5580000,0x00000000d6680000,0x00000000d6680000)
  from space 1024K, 62% used [0x00000000d6780000,0x00000000d6820000,0x00000000d6880000)
  to   space 512K, 0% used [0x00000000d6880000,0x00000000d6880000,0x00000000d6900000)
 ParOldGen       total 68608K, used 46519K [0x0000000080000000, 0x0000000084300000, 0x00000000d5580000)
  object space 68608K, 67% used [0x0000000080000000,0x0000000082d6dc58,0x0000000084300000)
 Metaspace       used 52358K, committed 53504K, reserved 1114112K
  class space    used 5958K, committed 6464K, reserved 1048576K
}
Event: 16.701 GC heap after
{Heap after GC invocations=32 (full 2):
 PSYoungGen      total 17920K, used 512K [0x00000000d5580000, 0x00000000d6980000, 0x0000000100000000)
  eden space 17408K, 0% used [0x00000000d5580000,0x00000000d5580000,0x00000000d6680000)
  from space 512K, 100% used [0x00000000d6880000,0x00000000d6900000,0x00000000d6900000)
  to   space 1536K, 0% used [0x00000000d6680000,0x00000000d6680000,0x00000000d6800000)
 ParOldGen       total 68608K, used 47004K [0x0000000080000000, 0x0000000084300000, 0x00000000d5580000)
  object space 68608K, 68% used [0x0000000080000000,0x0000000082de71a0,0x0000000084300000)
 Metaspace       used 52358K, committed 53504K, reserved 1114112K
  class space    used 5958K, committed 6464K, reserved 1048576K
}
Event: 17.149 GC heap before
{Heap before GC invocations=33 (full 2):
 PSYoungGen      total 17920K, used 17920K [0x00000000d5580000, 0x00000000d6980000, 0x0000000100000000)
  eden space 17408K, 100% used [0x00000000d5580000,0x00000000d6680000,0x00000000d6680000)
  from space 512K, 100% used [0x00000000d6880000,0x00000000d6900000,0x00000000d6900000)
  to   space 1536K, 0% used [0x00000000d6680000,0x00000000d6680000,0x00000000d6800000)
 ParOldGen       total 68608K, used 47004K [0x0000000080000000, 0x0000000084300000, 0x00000000d5580000)
  object space 68608K, 68% used [0x0000000080000000,0x0000000082de71a0,0x0000000084300000)
 Metaspace       used 52812K, committed 54016K, reserved 1114112K
  class space    used 6016K, committed 6528K, reserved 1048576K
}
Event: 17.151 GC heap after
{Heap after GC invocations=33 (full 2):
 PSYoungGen      total 18944K, used 800K [0x00000000d5580000, 0x00000000d6900000, 0x0000000100000000)
  eden space 17408K, 0% used [0x00000000d5580000,0x00000000d5580000,0x00000000d6680000)
  from space 1536K, 52% used [0x00000000d6680000,0x00000000d6748000,0x00000000d6800000)
  to   space 1024K, 0% used [0x00000000d6800000,0x00000000d6800000,0x00000000d6900000)
 ParOldGen       total 68608K, used 47396K [0x0000000080000000, 0x0000000084300000, 0x00000000d5580000)
  object space 68608K, 69% used [0x0000000080000000,0x0000000082e491a0,0x0000000084300000)
 Metaspace       used 52812K, committed 54016K, reserved 1114112K
  class space    used 6016K, committed 6528K, reserved 1048576K
}
Event: 17.917 GC heap before
{Heap before GC invocations=34 (full 2):
 PSYoungGen      total 18944K, used 18208K [0x00000000d5580000, 0x00000000d6900000, 0x0000000100000000)
  eden space 17408K, 100% used [0x00000000d5580000,0x00000000d6680000,0x00000000d6680000)
  from space 1536K, 52% used [0x00000000d6680000,0x00000000d6748000,0x00000000d6800000)
  to   space 1024K, 0% used [0x00000000d6800000,0x00000000d6800000,0x00000000d6900000)
 ParOldGen       total 68608K, used 47396K [0x0000000080000000, 0x0000000084300000, 0x00000000d5580000)
  object space 68608K, 69% used [0x0000000080000000,0x0000000082e491a0,0x0000000084300000)
 Metaspace       used 53324K, committed 54528K, reserved 1114112K
  class space    used 6062K, committed 6592K, reserved 1048576K
}
Event: 17.919 GC heap after
{Heap after GC invocations=34 (full 2):
 PSYoungGen      total 14336K, used 1018K [0x00000000d5580000, 0x00000000d7180000, 0x0000000100000000)
  eden space 13312K, 0% used [0x00000000d5580000,0x00000000d5580000,0x00000000d6280000)
  from space 1024K, 99% used [0x00000000d6800000,0x00000000d68fe8e8,0x00000000d6900000)
  to   space 5632K, 0% used [0x00000000d6280000,0x00000000d6280000,0x00000000d6800000)
 ParOldGen       total 68608K, used 50883K [0x0000000080000000, 0x0000000084300000, 0x00000000d5580000)
  object space 68608K, 74% used [0x0000000080000000,0x00000000831b0dc8,0x0000000084300000)
 Metaspace       used 53324K, committed 54528K, reserved 1114112K
  class space    used 6062K, committed 6592K, reserved 1048576K
}
Event: 18.150 GC heap before
{Heap before GC invocations=35 (full 2):
 PSYoungGen      total 14336K, used 14330K [0x00000000d5580000, 0x00000000d7180000, 0x0000000100000000)
  eden space 13312K, 100% used [0x00000000d5580000,0x00000000d6280000,0x00000000d6280000)
  from space 1024K, 99% used [0x00000000d6800000,0x00000000d68fe8e8,0x00000000d6900000)
  to   space 5632K, 0% used [0x00000000d6280000,0x00000000d6280000,0x00000000d6800000)
 ParOldGen       total 68608K, used 50883K [0x0000000080000000, 0x0000000084300000, 0x00000000d5580000)
  object space 68608K, 74% used [0x0000000080000000,0x00000000831b0dc8,0x0000000084300000)
 Metaspace       used 53749K, committed 54976K, reserved 1114112K
  class space    used 6154K, committed 6656K, reserved 1048576K
}
Event: 18.153 GC heap after
{Heap after GC invocations=35 (full 2):
 PSYoungGen      total 14336K, used 576K [0x00000000d5580000, 0x00000000d6880000, 0x0000000100000000)
  eden space 13312K, 0% used [0x00000000d5580000,0x00000000d5580000,0x00000000d6280000)
  from space 1024K, 56% used [0x00000000d6280000,0x00000000d6310000,0x00000000d6380000)
  to   space 2048K, 0% used [0x00000000d6680000,0x00000000d6680000,0x00000000d6880000)
 ParOldGen       total 68608K, used 51895K [0x0000000080000000, 0x0000000084300000, 0x00000000d5580000)
  object space 68608K, 75% used [0x0000000080000000,0x00000000832add10,0x0000000084300000)
 Metaspace       used 53749K, committed 54976K, reserved 1114112K
  class space    used 6154K, committed 6656K, reserved 1048576K
}
Event: 18.575 GC heap before
{Heap before GC invocations=36 (full 2):
 PSYoungGen      total 14336K, used 13888K [0x00000000d5580000, 0x00000000d6880000, 0x0000000100000000)
  eden space 13312K, 100% used [0x00000000d5580000,0x00000000d6280000,0x00000000d6280000)
  from space 1024K, 56% used [0x00000000d6280000,0x00000000d6310000,0x00000000d6380000)
  to   space 2048K, 0% used [0x00000000d6680000,0x00000000d6680000,0x00000000d6880000)
 ParOldGen       total 68608K, used 51895K [0x0000000080000000, 0x0000000084300000, 0x00000000d5580000)
  object space 68608K, 75% used [0x0000000080000000,0x00000000832add10,0x0000000084300000)
 Metaspace       used 55010K, committed 56256K, reserved 1114112K
  class space    used 6375K, committed 6912K, reserved 1048576K
}
Event: 18.577 GC heap after
{Heap after GC invocations=36 (full 2):
 PSYoungGen      total 14336K, used 720K [0x00000000d5580000, 0x00000000d6780000, 0x0000000100000000)
  eden space 13312K, 0% used [0x00000000d5580000,0x00000000d5580000,0x00000000d6280000)
  from space 1024K, 70% used [0x00000000d6680000,0x00000000d6734020,0x00000000d6780000)
  to   space 1024K, 0% used [0x00000000d6280000,0x00000000d6280000,0x00000000d6380000)
 ParOldGen       total 68608K, used 52327K [0x0000000080000000, 0x0000000084300000, 0x00000000d5580000)
  object space 68608K, 76% used [0x0000000080000000,0x0000000083319d20,0x0000000084300000)
 Metaspace       used 55010K, committed 56256K, reserved 1114112K
  class space    used 6375K, committed 6912K, reserved 1048576K
}
Event: 18.920 GC heap before
{Heap before GC invocations=37 (full 2):
 PSYoungGen      total 14336K, used 14032K [0x00000000d5580000, 0x00000000d6780000, 0x0000000100000000)
  eden space 13312K, 100% used [0x00000000d5580000,0x00000000d6280000,0x00000000d6280000)
  from space 1024K, 70% used [0x00000000d6680000,0x00000000d6734020,0x00000000d6780000)
  to   space 1024K, 0% used [0x00000000d6280000,0x00000000d6280000,0x00000000d6380000)
 ParOldGen       total 68608K, used 52327K [0x0000000080000000, 0x0000000084300000, 0x00000000d5580000)
  object space 68608K, 76% used [0x0000000080000000,0x0000000083319d20,0x0000000084300000)
 Metaspace       used 56334K, committed 57664K, reserved 1114112K
  class space    used 6602K, committed 7232K, reserved 1048576K
}
Event: 18.922 GC heap after
{Heap after GC invocations=37 (full 2):
 PSYoungGen      total 14336K, used 480K [0x00000000d5580000, 0x00000000d6700000, 0x0000000100000000)
  eden space 13312K, 0% used [0x00000000d5580000,0x00000000d5580000,0x00000000d6280000)
  from space 1024K, 46% used [0x00000000d6280000,0x00000000d62f8000,0x00000000d6380000)
  to   space 1024K, 0% used [0x00000000d6600000,0x00000000d6600000,0x00000000d6700000)
 ParOldGen       total 68608K, used 52895K [0x0000000080000000, 0x0000000084300000, 0x00000000d5580000)
  object space 68608K, 77% used [0x0000000080000000,0x00000000833a7d50,0x0000000084300000)
 Metaspace       used 56334K, committed 57664K, reserved 1114112K
  class space    used 6602K, committed 7232K, reserved 1048576K
}

