# JRE version: Java(TM) SE Runtime Environment (17.0.12+8) (build 17.0.12+8-LTS-286)
# Java VM: Java HotSpot(TM) 64-Bit Server VM (17.0.12+8-LTS-286, mixed mode, sharing, tiered, compressed oops, compressed class ptrs, g1 gc, windows-amd64)
GC Precious Log:
 CPUs: 8 total, 8 available
 Memory: 7455M
 Large Page Support: Disabled
 NUMA Support: Disabled
 Compressed Oops: Enabled (32-bit)
 Heap Region Size: 1M
 Heap Min Capacity: 8M
 Heap Initial Capacity: 118M
 Heap Max Capacity: 2G
 Pre-touch: Disabled
 Parallel Workers: 8
 Concurrent Workers: 2
 Concurrent Refinement Workers: 8
 Periodic GC: Disabled
Heap:
 garbage-first heap   total 171008K, used 101399K [0x0000000080000000, 0x0000000100000000)
  region size 1024K, 32 young (32768K), 8 survivors (8192K)
 Metaspace       used 68747K, committed 69504K, reserved 1114112K
  class space    used 9360K, committed 9728K, reserved 1048576K
GC Heap History (20 events):
Event: 23.799 GC heap before
{Heap before GC invocations=20 (full 0):
 garbage-first heap   total 89088K, used 71830K [0x0000000080000000, 0x0000000100000000)
  region size 1024K, 27 young (27648K), 2 survivors (2048K)
 Metaspace       used 56778K, committed 57408K, reserved 1114112K
  class space    used 7871K, committed 8192K, reserved 1048576K
}
Event: 23.803 GC heap after
{Heap after GC invocations=21 (full 0):
 garbage-first heap   total 89088K, used 47743K [0x0000000080000000, 0x0000000100000000)
  region size 1024K, 2 young (2048K), 2 survivors (2048K)
 Metaspace       used 56778K, committed 57408K, reserved 1114112K
  class space    used 7871K, committed 8192K, reserved 1048576K
}
Event: 23.825 GC heap before
{Heap before GC invocations=21 (full 0):
 garbage-first heap   total 89088K, used 48767K [0x0000000080000000, 0x0000000100000000)
  region size 1024K, 4 young (4096K), 2 survivors (2048K)
 Metaspace       used 56778K, committed 57408K, reserved 1114112K
  class space    used 7871K, committed 8192K, reserved 1048576K
}
Event: 23.828 GC heap after
{Heap after GC invocations=22 (full 0):
 garbage-first heap   total 89088K, used 47405K [0x0000000080000000, 0x0000000100000000)
  region size 1024K, 1 young (1024K), 1 survivors (1024K)
 Metaspace       used 56778K, committed 57408K, reserved 1114112K
  class space    used 7871K, committed 8192K, reserved 1048576K
}
Event: 24.257 GC heap before
{Heap before GC invocations=22 (full 0):
 garbage-first heap   total 89088K, used 71981K [0x0000000080000000, 0x0000000100000000)
  region size 1024K, 26 young (26624K), 1 survivors (1024K)
 Metaspace       used 56817K, committed 57472K, reserved 1114112K
  class space    used 7871K, committed 8192K, reserved 1048576K
}
Event: 24.260 GC heap after
{Heap after GC invocations=23 (full 0):
 garbage-first heap   total 89088K, used 47995K [0x0000000080000000, 0x0000000100000000)
  region size 1024K, 1 young (1024K), 1 survivors (1024K)
 Metaspace       used 56817K, committed 57472K, reserved 1114112K
  class space    used 7871K, committed 8192K, reserved 1048576K
}
Event: 24.712 GC heap before
{Heap before GC invocations=24 (full 0):
 garbage-first heap   total 89088K, used 72571K [0x0000000080000000, 0x0000000100000000)
  region size 1024K, 26 young (26624K), 1 survivors (1024K)
 Metaspace       used 56819K, committed 57472K, reserved 1114112K
  class space    used 7872K, committed 8192K, reserved 1048576K
}
Event: 24.714 GC heap after
{Heap after GC invocations=25 (full 0):
 garbage-first heap   total 89088K, used 48649K [0x0000000080000000, 0x0000000100000000)
  region size 1024K, 2 young (2048K), 2 survivors (2048K)
 Metaspace       used 56819K, committed 57472K, reserved 1114112K
  class space    used 7872K, committed 8192K, reserved 1048576K
}
Event: 24.731 GC heap before
{Heap before GC invocations=25 (full 0):
 garbage-first heap   total 89088K, used 49673K [0x0000000080000000, 0x0000000100000000)
  region size 1024K, 4 young (4096K), 2 survivors (2048K)
 Metaspace       used 56819K, committed 57472K, reserved 1114112K
  class space    used 7872K, committed 8192K, reserved 1048576K
}
Event: 24.734 GC heap after
{Heap after GC invocations=26 (full 0):
 garbage-first heap   total 89088K, used 48485K [0x0000000080000000, 0x0000000100000000)
  region size 1024K, 1 young (1024K), 1 survivors (1024K)
 Metaspace       used 56819K, committed 57472K, reserved 1114112K
  class space    used 7872K, committed 8192K, reserved 1048576K
}
Event: 25.076 GC heap before
{Heap before GC invocations=26 (full 0):
 garbage-first heap   total 89088K, used 73061K [0x0000000080000000, 0x0000000100000000)
  region size 1024K, 26 young (26624K), 1 survivors (1024K)
 Metaspace       used 57164K, committed 57856K, reserved 1114112K
  class space    used 7924K, committed 8256K, reserved 1048576K
}
Event: 25.078 GC heap after
{Heap after GC invocations=27 (full 0):
 garbage-first heap   total 89088K, used 49819K [0x0000000080000000, 0x0000000100000000)
  region size 1024K, 2 young (2048K), 2 survivors (2048K)
 Metaspace       used 57164K, committed 57856K, reserved 1114112K
  class space    used 7924K, committed 8256K, reserved 1048576K
}
Event: 25.716 GC heap before
{Heap before GC invocations=28 (full 0):
 garbage-first heap   total 89088K, used 82587K [0x0000000080000000, 0x0000000100000000)
  region size 1024K, 24 young (24576K), 2 survivors (2048K)
 Metaspace       used 58231K, committed 58944K, reserved 1114112K
  class space    used 8040K, committed 8384K, reserved 1048576K
}
Event: 25.722 GC heap after
{Heap after GC invocations=29 (full 0):
 garbage-first heap   total 93184K, used 67935K [0x0000000080000000, 0x0000000100000000)
  region size 1024K, 4 young (4096K), 4 survivors (4096K)
 Metaspace       used 58231K, committed 58944K, reserved 1114112K
  class space    used 8040K, committed 8384K, reserved 1048576K
}
Event: 25.768 GC heap before
{Heap before GC invocations=29 (full 0):
 garbage-first heap   total 93184K, used 68959K [0x0000000080000000, 0x0000000100000000)
  region size 1024K, 5 young (5120K), 4 survivors (4096K)
 Metaspace       used 58295K, committed 59008K, reserved 1114112K
  class space    used 8050K, committed 8384K, reserved 1048576K
}
Event: 25.772 GC heap after
{Heap after GC invocations=30 (full 0):
 garbage-first heap   total 171008K, used 67893K [0x0000000080000000, 0x0000000100000000)
  region size 1024K, 1 young (1024K), 1 survivors (1024K)
 Metaspace       used 58295K, committed 59008K, reserved 1114112K
  class space    used 8050K, committed 8384K, reserved 1048576K
}
Event: 27.764 GC heap before
{Heap before GC invocations=30 (full 0):
 garbage-first heap   total 171008K, used 128309K [0x0000000080000000, 0x0000000100000000)
  region size 1024K, 58 young (59392K), 1 survivors (1024K)
 Metaspace       used 63415K, committed 64128K, reserved 1114112K
  class space    used 8575K, committed 8896K, reserved 1048576K
}
Event: 27.767 GC heap after
{Heap after GC invocations=31 (full 0):
 garbage-first heap   total 171008K, used 71563K [0x0000000080000000, 0x0000000100000000)
  region size 1024K, 3 young (3072K), 3 survivors (3072K)
 Metaspace       used 63415K, committed 64128K, reserved 1114112K
  class space    used 8575K, committed 8896K, reserved 1048576K
}
Event: 30.288 GC heap before
{Heap before GC invocations=31 (full 0):
 garbage-first heap   total 171008K, used 136075K [0x0000000080000000, 0x0000000100000000)
  region size 1024K, 61 young (62464K), 3 survivors (3072K)
 Metaspace       used 67081K, committed 67840K, reserved 1114112K
  class space    used 9144K, committed 9536K, reserved 1048576K
}
Event: 30.299 GC heap after
{Heap after GC invocations=32 (full 0):
 garbage-first heap   total 171008K, used 77847K [0x0000000080000000, 0x0000000100000000)
  region size 1024K, 8 young (8192K), 8 survivors (8192K)
 Metaspace       used 67081K, committed 67840K, reserved 1114112K
  class space    used 9144K, committed 9536K, reserved 1048576K
}

