# JRE version: Java(TM) SE Runtime Environment (17.0.12+8) (build 17.0.12+8-LTS-286)
# Java VM: Java HotSpot(TM) 64-Bit Server VM (17.0.12+8-LTS-286, mixed mode, sharing, tiered, compressed oops, compressed class ptrs, g1 gc, windows-amd64)
GC Precious Log:
 CPUs: 8 total, 8 available
 Memory: 7455M
 Large Page Support: Disabled
 NUMA Support: Disabled
 Compressed Oops: Enabled (32-bit)
 Heap Region Size: 1M
 Heap Min Capacity: 8M
 Heap Initial Capacity: 118M
 Heap Max Capacity: 2G
 Pre-touch: Disabled
 Parallel Workers: 8
 Concurrent Workers: 2
 Concurrent Refinement Workers: 8
 Periodic GC: Disabled
Heap:
 garbage-first heap   total 493568K, used 247184K [0x0000000080000000, 0x0000000100000000)
  region size 1024K, 19 young (19456K), 15 survivors (15360K)
 Metaspace       used 198600K, committed 199936K, reserved 1245184K
  class space    used 24709K, committed 25344K, reserved 1048576K
GC Heap History (20 events):
Event: 127.354 GC heap before
{Heap before GC invocations=106 (full 0):
 garbage-first heap   total 452608K, used 384860K [0x0000000080000000, 0x0000000100000000)
  region size 1024K, 212 young (217088K), 2 survivors (2048K)
 Metaspace       used 162641K, committed 163648K, reserved 1245184K
  class space    used 20390K, committed 20864K, reserved 1048576K
}
Event: 127.360 GC heap after
{Heap after GC invocations=107 (full 0):
 garbage-first heap   total 452608K, used 175616K [0x0000000080000000, 0x0000000100000000)
  region size 1024K, 9 young (9216K), 9 survivors (9216K)
 Metaspace       used 162641K, committed 163648K, reserved 1245184K
  class space    used 20390K, committed 20864K, reserved 1048576K
}
Event: 129.502 GC heap before
{Heap before GC invocations=107 (full 0):
 garbage-first heap   total 452608K, used 278016K [0x0000000080000000, 0x0000000100000000)
  region size 1024K, 111 young (113664K), 9 survivors (9216K)
 Metaspace       used 163343K, committed 164288K, reserved 1245184K
  class space    used 20427K, committed 20864K, reserved 1048576K
}
Event: 129.511 GC heap after
{Heap after GC invocations=108 (full 0):
 garbage-first heap   total 452608K, used 179738K [0x0000000080000000, 0x0000000100000000)
  region size 1024K, 13 young (13312K), 13 survivors (13312K)
 Metaspace       used 163343K, committed 164288K, reserved 1245184K
  class space    used 20427K, committed 20864K, reserved 1048576K
}
Event: 134.731 GC heap before
{Heap before GC invocations=109 (full 0):
 garbage-first heap   total 452608K, used 381466K [0x0000000080000000, 0x0000000100000000)
  region size 1024K, 211 young (216064K), 13 survivors (13312K)
 Metaspace       used 170905K, committed 171904K, reserved 1245184K
  class space    used 21289K, committed 21760K, reserved 1048576K
}
Event: 134.738 GC heap after
{Heap after GC invocations=110 (full 0):
 garbage-first heap   total 452608K, used 174711K [0x0000000080000000, 0x0000000100000000)
  region size 1024K, 10 young (10240K), 10 survivors (10240K)
 Metaspace       used 170905K, committed 171904K, reserved 1245184K
  class space    used 21289K, committed 21760K, reserved 1048576K
}
Event: 134.978 GC heap before
{Heap before GC invocations=110 (full 0):
 garbage-first heap   total 452608K, used 186999K [0x0000000080000000, 0x0000000100000000)
  region size 1024K, 22 young (22528K), 10 survivors (10240K)
 Metaspace       used 171822K, committed 172864K, reserved 1245184K
  class space    used 21463K, committed 21952K, reserved 1048576K
}
Event: 134.991 GC heap after
{Heap after GC invocations=111 (full 0):
 garbage-first heap   total 452608K, used 173902K [0x0000000080000000, 0x0000000100000000)
  region size 1024K, 2 young (2048K), 2 survivors (2048K)
 Metaspace       used 171822K, committed 172864K, reserved 1245184K
  class space    used 21463K, committed 21952K, reserved 1048576K
}
Event: 139.543 GC heap before
{Heap before GC invocations=111 (full 0):
 garbage-first heap   total 452608K, used 389966K [0x0000000080000000, 0x0000000100000000)
  region size 1024K, 208 young (212992K), 2 survivors (2048K)
 Metaspace       used 185086K, committed 186112K, reserved 1245184K
  class space    used 23274K, committed 23744K, reserved 1048576K
}
Event: 139.561 GC heap after
{Heap after GC invocations=112 (full 0):
 garbage-first heap   total 452608K, used 180077K [0x0000000080000000, 0x0000000100000000)
  region size 1024K, 14 young (14336K), 14 survivors (14336K)
 Metaspace       used 185086K, committed 186112K, reserved 1245184K
  class space    used 23274K, committed 23744K, reserved 1048576K
}
Event: 147.829 GC heap before
{Heap before GC invocations=112 (full 0):
 garbage-first heap   total 452608K, used 377709K [0x0000000080000000, 0x0000000100000000)
  region size 1024K, 208 young (212992K), 14 survivors (14336K)
 Metaspace       used 196268K, committed 197504K, reserved 1245184K
  class space    used 24598K, committed 25216K, reserved 1048576K
}
Event: 147.851 GC heap after
{Heap after GC invocations=113 (full 0):
 garbage-first heap   total 452608K, used 188319K [0x0000000080000000, 0x0000000100000000)
  region size 1024K, 9 young (9216K), 9 survivors (9216K)
 Metaspace       used 196268K, committed 197504K, reserved 1245184K
  class space    used 24598K, committed 25216K, reserved 1048576K
}
Event: 155.070 GC heap before
{Heap before GC invocations=113 (full 0):
 garbage-first heap   total 452608K, used 270239K [0x0000000080000000, 0x0000000100000000)
  region size 1024K, 90 young (92160K), 9 survivors (9216K)
 Metaspace       used 196743K, committed 197952K, reserved 1245184K
  class space    used 24613K, committed 25216K, reserved 1048576K
}
Event: 155.089 GC heap after
{Heap after GC invocations=114 (full 0):
 garbage-first heap   total 452608K, used 193756K [0x0000000080000000, 0x0000000100000000)
  region size 1024K, 14 young (14336K), 14 survivors (14336K)
 Metaspace       used 196743K, committed 197952K, reserved 1245184K
  class space    used 24613K, committed 25216K, reserved 1048576K
}
Event: 156.894 GC heap before
{Heap before GC invocations=115 (full 0):
 garbage-first heap   total 493568K, used 387292K [0x0000000080000000, 0x0000000100000000)
  region size 1024K, 188 young (192512K), 14 survivors (14336K)
 Metaspace       used 196821K, committed 198080K, reserved 1245184K
  class space    used 24613K, committed 25216K, reserved 1048576K
}
Event: 156.946 GC heap after
{Heap after GC invocations=116 (full 0):
 garbage-first heap   total 493568K, used 238383K [0x0000000080000000, 0x0000000100000000)
  region size 1024K, 24 young (24576K), 24 survivors (24576K)
 Metaspace       used 196821K, committed 198080K, reserved 1245184K
  class space    used 24613K, committed 25216K, reserved 1048576K
}
Event: 156.949 GC heap before
{Heap before GC invocations=116 (full 0):
 garbage-first heap   total 493568K, used 239407K [0x0000000080000000, 0x0000000100000000)
  region size 1024K, 25 young (25600K), 24 survivors (24576K)
 Metaspace       used 196821K, committed 198080K, reserved 1245184K
  class space    used 24613K, committed 25216K, reserved 1048576K
}
Event: 156.969 GC heap after
{Heap after GC invocations=117 (full 0):
 garbage-first heap   total 493568K, used 238588K [0x0000000080000000, 0x0000000100000000)
  region size 1024K, 3 young (3072K), 3 survivors (3072K)
 Metaspace       used 196821K, committed 198080K, reserved 1245184K
  class space    used 24613K, committed 25216K, reserved 1048576K
}
Event: 963.427 GC heap before
{Heap before GC invocations=117 (full 0):
 garbage-first heap   total 493568K, used 391164K [0x0000000080000000, 0x0000000100000000)
  region size 1024K, 153 young (156672K), 3 survivors (3072K)
 Metaspace       used 198572K, committed 199872K, reserved 1245184K
  class space    used 24709K, committed 25344K, reserved 1048576K
}
Event: 963.664 GC heap after
{Heap after GC invocations=118 (full 0):
 garbage-first heap   total 493568K, used 244112K [0x0000000080000000, 0x0000000100000000)
  region size 1024K, 15 young (15360K), 15 survivors (15360K)
 Metaspace       used 198572K, committed 199872K, reserved 1245184K
  class space    used 24709K, committed 25344K, reserved 1048576K
}

