# JRE version: OpenJDK Runtime Environment Temurin-21.0.9+10 (21.0.9+10) (build 21.0.9+10-LTS)
# Java VM: OpenJDK 64-Bit Server VM Temurin-21.0.9+10 (21.0.9+10-LTS, mixed mode, sharing, tiered, compressed oops, compressed class ptrs, parallel gc, windows-amd64)
GC Precious Log:
 CardTable entry size: 512
 CPUs: 8 total, 8 available
 Memory: 7455M
 Large Page Support: Disabled
 NUMA Support: Disabled
 Compressed Oops: Enabled (32-bit)
 Alignments: Space 512K, Generation 512K, Heap 2M
 Heap Min Capacity: 100M
 Heap Initial Capacity: 100M
 Heap Max Capacity: 2G
 Pre-touch: Disabled
 Parallel Workers: 8
Heap:
 PSYoungGen      total 4608K, used 1465K [0x00000000d5580000, 0x00000000d5d00000, 0x0000000100000000)
  eden space 4096K, 30% used [0x00000000d5580000,0x00000000d56b65c0,0x00000000d5980000)
  from space 512K, 43% used [0x00000000d5c80000,0x00000000d5cb8000,0x00000000d5d00000)
  to   space 512K, 0% used [0x00000000d5c00000,0x00000000d5c00000,0x00000000d5c80000)
 ParOldGen       total 408064K, used 407908K [0x0000000080000000, 0x0000000098e80000, 0x00000000d5580000)
  object space 408064K, 99% used [0x0000000080000000,0x0000000098e59348,0x0000000098e80000)
 Metaspace       used 77105K, committed 78720K, reserved 1179648K
  class space    used 9516K, committed 10176K, reserved 1048576K
GC Heap History (20 events):
Event: 201.851 GC heap before
{Heap before GC invocations=260 (full 3):
 PSYoungGen      total 4608K, used 4471K [0x00000000d5580000, 0x00000000d5e00000, 0x0000000100000000)
  eden space 4096K, 99% used [0x00000000d5580000,0x00000000d597fac0,0x00000000d5980000)
  from space 512K, 73% used [0x00000000d5d80000,0x00000000d5dde200,0x00000000d5e00000)
  to   space 512K, 0% used [0x00000000d5d00000,0x00000000d5d00000,0x00000000d5d80000)
 ParOldGen       total 402944K, used 402432K [0x0000000080000000, 0x0000000098980000, 0x00000000d5580000)
  object space 402944K, 99% used [0x0000000080000000,0x00000000989001e8,0x0000000098980000)
 Metaspace       used 73998K, committed 75584K, reserved 1179648K
  class space    used 9197K, committed 9856K, reserved 1048576K
}
Event: 201.853 GC heap after
{Heap after GC invocations=260 (full 3):
 PSYoungGen      total 4608K, used 512K [0x00000000d5580000, 0x00000000d5e00000, 0x0000000100000000)
  eden space 4096K, 0% used [0x00000000d5580000,0x00000000d5580000,0x00000000d5980000)
  from space 512K, 100% used [0x00000000d5d00000,0x00000000d5d80000,0x00000000d5d80000)
  to   space 512K, 0% used [0x00000000d5d80000,0x00000000d5d80000,0x00000000d5e00000)
 ParOldGen       total 402944K, used 402752K [0x0000000080000000, 0x0000000098980000, 0x00000000d5580000)
  object space 402944K, 99% used [0x0000000080000000,0x00000000989503e8,0x0000000098980000)
 Metaspace       used 73998K, committed 75584K, reserved 1179648K
  class space    used 9197K, committed 9856K, reserved 1048576K
}
Event: 201.995 GC heap before
{Heap before GC invocations=261 (full 3):
 PSYoungGen      total 4608K, used 4595K [0x00000000d5580000, 0x00000000d5e00000, 0x0000000100000000)
  eden space 4096K, 99% used [0x00000000d5580000,0x00000000d597cc08,0x00000000d5980000)
  from space 512K, 100% used [0x00000000d5d00000,0x00000000d5d80000,0x00000000d5d80000)
  to   space 512K, 0% used [0x00000000d5d80000,0x00000000d5d80000,0x00000000d5e00000)
 ParOldGen       total 402944K, used 402752K [0x0000000080000000, 0x0000000098980000, 0x00000000d5580000)
  object space 402944K, 99% used [0x0000000080000000,0x00000000989503e8,0x0000000098980000)
 Metaspace       used 74779K, committed 76416K, reserved 1179648K
  class space    used 9273K, committed 9984K, reserved 1048576K
}
Event: 201.997 GC heap after
{Heap after GC invocations=261 (full 3):
 PSYoungGen      total 4608K, used 192K [0x00000000d5580000, 0x00000000d5e00000, 0x0000000100000000)
  eden space 4096K, 0% used [0x00000000d5580000,0x00000000d5580000,0x00000000d5980000)
  from space 512K, 37% used [0x00000000d5d80000,0x00000000d5db0000,0x00000000d5e00000)
  to   space 512K, 0% used [0x00000000d5d00000,0x00000000d5d00000,0x00000000d5d80000)
 ParOldGen       total 403456K, used 403248K [0x0000000080000000, 0x0000000098a00000, 0x00000000d5580000)
  object space 403456K, 99% used [0x0000000080000000,0x00000000989cc3f8,0x0000000098a00000)
 Metaspace       used 74779K, committed 76416K, reserved 1179648K
  class space    used 9273K, committed 9984K, reserved 1048576K
}
Event: 202.092 GC heap before
{Heap before GC invocations=262 (full 3):
 PSYoungGen      total 4608K, used 4288K [0x00000000d5580000, 0x00000000d5e00000, 0x0000000100000000)
  eden space 4096K, 100% used [0x00000000d5580000,0x00000000d5980000,0x00000000d5980000)
  from space 512K, 37% used [0x00000000d5d80000,0x00000000d5db0000,0x00000000d5e00000)
  to   space 512K, 0% used [0x00000000d5d00000,0x00000000d5d00000,0x00000000d5d80000)
 ParOldGen       total 403456K, used 403248K [0x0000000080000000, 0x0000000098a00000, 0x00000000d5580000)
  object space 403456K, 99% used [0x0000000080000000,0x00000000989cc3f8,0x0000000098a00000)
 Metaspace       used 75278K, committed 76864K, reserved 1179648K
  class space    used 9326K, committed 9984K, reserved 1048576K
}
Event: 202.093 GC heap after
{Heap after GC invocations=262 (full 3):
 PSYoungGen      total 4608K, used 261K [0x00000000d5580000, 0x00000000d5e00000, 0x0000000100000000)
  eden space 4096K, 0% used [0x00000000d5580000,0x00000000d5580000,0x00000000d5980000)
  from space 512K, 51% used [0x00000000d5d00000,0x00000000d5d417e8,0x00000000d5d80000)
  to   space 512K, 0% used [0x00000000d5d80000,0x00000000d5d80000,0x00000000d5e00000)
 ParOldGen       total 403456K, used 403348K [0x0000000080000000, 0x0000000098a00000, 0x00000000d5580000)
  object space 403456K, 99% used [0x0000000080000000,0x00000000989e50d8,0x0000000098a00000)
 Metaspace       used 75278K, committed 76864K, reserved 1179648K
  class space    used 9326K, committed 9984K, reserved 1048576K
}
Event: 202.262 GC heap before
{Heap before GC invocations=263 (full 3):
 PSYoungGen      total 4608K, used 4357K [0x00000000d5580000, 0x00000000d5e00000, 0x0000000100000000)
  eden space 4096K, 100% used [0x00000000d5580000,0x00000000d5980000,0x00000000d5980000)
  from space 512K, 51% used [0x00000000d5d00000,0x00000000d5d417e8,0x00000000d5d80000)
  to   space 512K, 0% used [0x00000000d5d80000,0x00000000d5d80000,0x00000000d5e00000)
 ParOldGen       total 403456K, used 403348K [0x0000000080000000, 0x0000000098a00000, 0x00000000d5580000)
  object space 403456K, 99% used [0x0000000080000000,0x00000000989e50d8,0x0000000098a00000)
 Metaspace       used 75643K, committed 77312K, reserved 1179648K
  class space    used 9365K, committed 10048K, reserved 1048576K
}
Event: 202.265 GC heap after
{Heap after GC invocations=263 (full 3):
 PSYoungGen      total 4608K, used 496K [0x00000000d5580000, 0x00000000d5e00000, 0x0000000100000000)
  eden space 4096K, 0% used [0x00000000d5580000,0x00000000d5580000,0x00000000d5980000)
  from space 512K, 96% used [0x00000000d5d80000,0x00000000d5dfc190,0x00000000d5e00000)
  to   space 1536K, 0% used [0x00000000d5b00000,0x00000000d5b00000,0x00000000d5c80000)
 ParOldGen       total 404480K, used 404039K [0x0000000080000000, 0x0000000098b00000, 0x00000000d5580000)
  object space 404480K, 99% used [0x0000000080000000,0x0000000098a91e00,0x0000000098b00000)
 Metaspace       used 75643K, committed 77312K, reserved 1179648K
  class space    used 9365K, committed 10048K, reserved 1048576K
}
Event: 202.299 GC heap before
{Heap before GC invocations=264 (full 3):
 PSYoungGen      total 4608K, used 4592K [0x00000000d5580000, 0x00000000d5e00000, 0x0000000100000000)
  eden space 4096K, 100% used [0x00000000d5580000,0x00000000d5980000,0x00000000d5980000)
  from space 512K, 96% used [0x00000000d5d80000,0x00000000d5dfc190,0x00000000d5e00000)
  to   space 1536K, 0% used [0x00000000d5b00000,0x00000000d5b00000,0x00000000d5c80000)
 ParOldGen       total 404480K, used 404039K [0x0000000080000000, 0x0000000098b00000, 0x00000000d5580000)
  object space 404480K, 99% used [0x0000000080000000,0x0000000098a91e00,0x0000000098b00000)
 Metaspace       used 75839K, committed 77504K, reserved 1179648K
  class space    used 9386K, committed 10112K, reserved 1048576K
}
Event: 202.305 GC heap after
{Heap after GC invocations=264 (full 3):
 PSYoungGen      total 5632K, used 1536K [0x00000000d5580000, 0x00000000d6080000, 0x0000000100000000)
  eden space 4096K, 0% used [0x00000000d5580000,0x00000000d5580000,0x00000000d5980000)
  from space 1536K, 100% used [0x00000000d5b00000,0x00000000d5c80000,0x00000000d5c80000)
  to   space 3584K, 0% used [0x00000000d5d00000,0x00000000d5d00000,0x00000000d6080000)
 ParOldGen       total 406016K, used 405671K [0x0000000080000000, 0x0000000098c80000, 0x00000000d5580000)
  object space 406016K, 99% used [0x0000000080000000,0x0000000098c29c98,0x0000000098c80000)
 Metaspace       used 75839K, committed 77504K, reserved 1179648K
  class space    used 9386K, committed 10112K, reserved 1048576K
}
Event: 202.468 GC heap before
{Heap before GC invocations=265 (full 3):
 PSYoungGen      total 5632K, used 5632K [0x00000000d5580000, 0x00000000d6080000, 0x0000000100000000)
  eden space 4096K, 100% used [0x00000000d5580000,0x00000000d5980000,0x00000000d5980000)
  from space 1536K, 100% used [0x00000000d5b00000,0x00000000d5c80000,0x00000000d5c80000)
  to   space 3584K, 0% used [0x00000000d5d00000,0x00000000d5d00000,0x00000000d6080000)
 ParOldGen       total 406016K, used 405671K [0x0000000080000000, 0x0000000098c80000, 0x00000000d5580000)
  object space 406016K, 99% used [0x0000000080000000,0x0000000098c29c98,0x0000000098c80000)
 Metaspace       used 76285K, committed 77888K, reserved 1179648K
  class space    used 9430K, committed 10112K, reserved 1048576K
}
Event: 202.474 GC heap after
{Heap after GC invocations=265 (full 3):
 PSYoungGen      total 4608K, used 448K [0x00000000d5580000, 0x00000000d5d80000, 0x0000000100000000)
  eden space 4096K, 0% used [0x00000000d5580000,0x00000000d5580000,0x00000000d5980000)
  from space 512K, 87% used [0x00000000d5d00000,0x00000000d5d70040,0x00000000d5d80000)
  to   space 1536K, 0% used [0x00000000d5a80000,0x00000000d5a80000,0x00000000d5c00000)
 ParOldGen       total 407552K, used 407247K [0x0000000080000000, 0x0000000098e00000, 0x00000000d5580000)
  object space 407552K, 99% used [0x0000000080000000,0x0000000098db3ca8,0x0000000098e00000)
 Metaspace       used 76285K, committed 77888K, reserved 1179648K
  class space    used 9430K, committed 10112K, reserved 1048576K
}
Event: 639.620 GC heap before
{Heap before GC invocations=266 (full 3):
 PSYoungGen      total 4608K, used 4544K [0x00000000d5580000, 0x00000000d5d80000, 0x0000000100000000)
  eden space 4096K, 100% used [0x00000000d5580000,0x00000000d5980000,0x00000000d5980000)
  from space 512K, 87% used [0x00000000d5d00000,0x00000000d5d70040,0x00000000d5d80000)
  to   space 1536K, 0% used [0x00000000d5a80000,0x00000000d5a80000,0x00000000d5c00000)
 ParOldGen       total 407552K, used 407247K [0x0000000080000000, 0x0000000098e00000, 0x00000000d5580000)
  object space 407552K, 99% used [0x0000000080000000,0x0000000098db3ca8,0x0000000098e00000)
 Metaspace       used 76610K, committed 78208K, reserved 1179648K
  class space    used 9470K, committed 10176K, reserved 1048576K
}
Event: 639.738 GC heap after
{Heap after GC invocations=266 (full 3):
 PSYoungGen      total 5632K, used 320K [0x00000000d5580000, 0x00000000d5d80000, 0x0000000100000000)
  eden space 4096K, 0% used [0x00000000d5580000,0x00000000d5580000,0x00000000d5980000)
  from space 1536K, 20% used [0x00000000d5a80000,0x00000000d5ad0000,0x00000000d5c00000)
  to   space 1024K, 0% used [0x00000000d5c80000,0x00000000d5c80000,0x00000000d5d80000)
 ParOldGen       total 408064K, used 407580K [0x0000000080000000, 0x0000000098e80000, 0x00000000d5580000)
  object space 408064K, 99% used [0x0000000080000000,0x0000000098e07198,0x0000000098e80000)
 Metaspace       used 76610K, committed 78208K, reserved 1179648K
  class space    used 9470K, committed 10176K, reserved 1048576K
}
Event: 686.239 GC heap before
{Heap before GC invocations=267 (full 3):
 PSYoungGen      total 5632K, used 4416K [0x00000000d5580000, 0x00000000d5d80000, 0x0000000100000000)
  eden space 4096K, 100% used [0x00000000d5580000,0x00000000d5980000,0x00000000d5980000)
  from space 1536K, 20% used [0x00000000d5a80000,0x00000000d5ad0000,0x00000000d5c00000)
  to   space 1024K, 0% used [0x00000000d5c80000,0x00000000d5c80000,0x00000000d5d80000)
 ParOldGen       total 408064K, used 407580K [0x0000000080000000, 0x0000000098e80000, 0x00000000d5580000)
  object space 408064K, 99% used [0x0000000080000000,0x0000000098e07198,0x0000000098e80000)
 Metaspace       used 76910K, committed 78528K, reserved 1179648K
  class space    used 9516K, committed 10176K, reserved 1048576K
}
Event: 686.242 GC heap after
{Heap after GC invocations=267 (full 3):
 PSYoungGen      total 4608K, used 224K [0x00000000d5580000, 0x00000000d5d00000, 0x0000000100000000)
  eden space 4096K, 0% used [0x00000000d5580000,0x00000000d5580000,0x00000000d5980000)
  from space 512K, 43% used [0x00000000d5c80000,0x00000000d5cb8000,0x00000000d5d00000)
  to   space 512K, 0% used [0x00000000d5c00000,0x00000000d5c00000,0x00000000d5c80000)
 ParOldGen       total 408064K, used 407748K [0x0000000080000000, 0x0000000098e80000, 0x00000000d5580000)
  object space 408064K, 99% used [0x0000000080000000,0x0000000098e31348,0x0000000098e80000)
 Metaspace       used 76910K, committed 78528K, reserved 1179648K
  class space    used 9516K, committed 10176K, reserved 1048576K
}
Event: 802.448 GC heap before
{Heap before GC invocations=268 (full 3):
 PSYoungGen      total 4608K, used 4319K [0x00000000d5580000, 0x00000000d5d00000, 0x0000000100000000)
  eden space 4096K, 99% used [0x00000000d5580000,0x00000000d597ffd0,0x00000000d5980000)
  from space 512K, 43% used [0x00000000d5c80000,0x00000000d5cb8000,0x00000000d5d00000)
  to   space 512K, 0% used [0x00000000d5c00000,0x00000000d5c00000,0x00000000d5c80000)
 ParOldGen       total 408064K, used 407748K [0x0000000080000000, 0x0000000098e80000, 0x00000000d5580000)
  object space 408064K, 99% used [0x0000000080000000,0x0000000098e31348,0x0000000098e80000)
 Metaspace       used 77010K, committed 78592K, reserved 1179648K
  class space    used 9516K, committed 10176K, reserved 1048576K
}
Event: 802.455 GC heap after
{Heap after GC invocations=268 (full 3):
 PSYoungGen      total 4608K, used 224K [0x00000000d5580000, 0x00000000d5d00000, 0x0000000100000000)
  eden space 4096K, 0% used [0x00000000d5580000,0x00000000d5580000,0x00000000d5980000)
  from space 512K, 43% used [0x00000000d5c00000,0x00000000d5c38000,0x00000000d5c80000)
  to   space 512K, 0% used [0x00000000d5c80000,0x00000000d5c80000,0x00000000d5d00000)
 ParOldGen       total 408064K, used 407852K [0x0000000080000000, 0x0000000098e80000, 0x00000000d5580000)
  object space 408064K, 99% used [0x0000000080000000,0x0000000098e4b348,0x0000000098e80000)
 Metaspace       used 77010K, committed 78592K, reserved 1179648K
  class space    used 9516K, committed 10176K, reserved 1048576K
}
Event: 895.265 GC heap before
{Heap before GC invocations=269 (full 3):
 PSYoungGen      total 4608K, used 4320K [0x00000000d5580000, 0x00000000d5d00000, 0x0000000100000000)
  eden space 4096K, 100% used [0x00000000d5580000,0x00000000d5980000,0x00000000d5980000)
  from space 512K, 43% used [0x00000000d5c00000,0x00000000d5c38000,0x00000000d5c80000)
  to   space 512K, 0% used [0x00000000d5c80000,0x00000000d5c80000,0x00000000d5d00000)
 ParOldGen       total 408064K, used 407852K [0x0000000080000000, 0x0000000098e80000, 0x00000000d5580000)
  object space 408064K, 99% used [0x0000000080000000,0x0000000098e4b348,0x0000000098e80000)
 Metaspace       used 77083K, committed 78720K, reserved 1179648K
  class space    used 9516K, committed 10176K, reserved 1048576K
}
Event: 895.351 GC heap after
{Heap after GC invocations=269 (full 3):
 PSYoungGen      total 4608K, used 224K [0x00000000d5580000, 0x00000000d5d00000, 0x0000000100000000)
  eden space 4096K, 0% used [0x00000000d5580000,0x00000000d5580000,0x00000000d5980000)
  from space 512K, 43% used [0x00000000d5c80000,0x00000000d5cb8000,0x00000000d5d00000)
  to   space 512K, 0% used [0x00000000d5c00000,0x00000000d5c00000,0x00000000d5c80000)
 ParOldGen       total 408064K, used 407908K [0x0000000080000000, 0x0000000098e80000, 0x00000000d5580000)
  object space 408064K, 99% used [0x0000000080000000,0x0000000098e59348,0x0000000098e80000)
 Metaspace       used 77083K, committed 78720K, reserved 1179648K
  class space    used 9516K, committed 10176K, reserved 1048576K
}

