# JRE version: OpenJDK Runtime Environment Temurin-21.0.9+10 (21.0.9+10) (build 21.0.9+10-LTS)
# Java VM: OpenJDK 64-Bit Server VM Temurin-21.0.9+10 (21.0.9+10-LTS, mixed mode, sharing, tiered, compressed oops, compressed class ptrs, parallel gc, windows-amd64)
GC Precious Log:
 CardTable entry size: 512
 CPUs: 8 total, 8 available
 Memory: 7455M
 Large Page Support: Disabled
 NUMA Support: Disabled
 Compressed Oops: Enabled (32-bit)
 Alignments: Space 512K, Generation 512K, Heap 2M
 Heap Min Capacity: 100M
 Heap Initial Capacity: 100M
 Heap Max Capacity: 2G
 Pre-touch: Disabled
 Parallel Workers: 8
Heap:
 PSYoungGen      total 15360K, used 5758K [0x00000000d5580000, 0x00000000d6680000, 0x0000000100000000)
  eden space 14336K, 33% used [0x00000000d5580000,0x00000000d5a1f9f0,0x00000000d6380000)
  from space 1024K, 99% used [0x00000000d6500000,0x00000000d65fff50,0x00000000d6600000)
  to   space 1536K, 0% used [0x00000000d6380000,0x00000000d6380000,0x00000000d6500000)
 ParOldGen       total 68608K, used 52906K [0x0000000080000000, 0x0000000084300000, 0x00000000d5580000)
  object space 68608K, 77% used [0x0000000080000000,0x00000000833aa8f0,0x0000000084300000)
 Metaspace       used 61184K, committed 62400K, reserved 1114112K
  class space    used 7659K, committed 8192K, reserved 1048576K
GC Heap History (20 events):
Event: 21.053 GC heap before
{Heap before GC invocations=40 (full 2):
 PSYoungGen      total 15360K, used 15291K [0x00000000d5580000, 0x00000000d6600000, 0x0000000100000000)
  eden space 14336K, 100% used [0x00000000d5580000,0x00000000d6380000,0x00000000d6380000)
  from space 1024K, 93% used [0x00000000d6480000,0x00000000d656ed10,0x00000000d6580000)
  to   space 512K, 0% used [0x00000000d6580000,0x00000000d6580000,0x00000000d6600000)
 ParOldGen       total 68608K, used 53389K [0x0000000080000000, 0x0000000084300000, 0x00000000d5580000)
  object space 68608K, 77% used [0x0000000080000000,0x0000000083423490,0x0000000084300000)
 Metaspace       used 57817K, committed 59072K, reserved 1114112K
  class space    used 6942K, committed 7488K, reserved 1048576K
}
Event: 21.054 GC heap after
{Heap after GC invocations=40 (full 2):
 PSYoungGen      total 14848K, used 407K [0x00000000d5580000, 0x00000000d6600000, 0x0000000100000000)
  eden space 14336K, 0% used [0x00000000d5580000,0x00000000d5580000,0x00000000d6380000)
  from space 512K, 79% used [0x00000000d6580000,0x00000000d65e5c80,0x00000000d6600000)
  to   space 1024K, 0% used [0x00000000d6400000,0x00000000d6400000,0x00000000d6500000)
 ParOldGen       total 68608K, used 54194K [0x0000000080000000, 0x0000000084300000, 0x00000000d5580000)
  object space 68608K, 78% used [0x0000000080000000,0x00000000834ecae8,0x0000000084300000)
 Metaspace       used 57817K, committed 59072K, reserved 1114112K
  class space    used 6942K, committed 7488K, reserved 1048576K
}
Event: 21.268 GC heap before
{Heap before GC invocations=41 (full 2):
 PSYoungGen      total 14848K, used 12266K [0x00000000d5580000, 0x00000000d6600000, 0x0000000100000000)
  eden space 14336K, 82% used [0x00000000d5580000,0x00000000d6114db0,0x00000000d6380000)
  from space 512K, 79% used [0x00000000d6580000,0x00000000d65e5c80,0x00000000d6600000)
  to   space 1024K, 0% used [0x00000000d6400000,0x00000000d6400000,0x00000000d6500000)
 ParOldGen       total 68608K, used 54194K [0x0000000080000000, 0x0000000084300000, 0x00000000d5580000)
  object space 68608K, 78% used [0x0000000080000000,0x00000000834ecae8,0x0000000084300000)
 Metaspace       used 58531K, committed 59776K, reserved 1114112K
  class space    used 7097K, committed 7680K, reserved 1048576K
}
Event: 21.270 GC heap after
{Heap after GC invocations=41 (full 2):
 PSYoungGen      total 15360K, used 256K [0x00000000d5580000, 0x00000000d6600000, 0x0000000100000000)
  eden space 14336K, 0% used [0x00000000d5580000,0x00000000d5580000,0x00000000d6380000)
  from space 1024K, 25% used [0x00000000d6400000,0x00000000d6440000,0x00000000d6500000)
  to   space 512K, 0% used [0x00000000d6580000,0x00000000d6580000,0x00000000d6600000)
 ParOldGen       total 68608K, used 54290K [0x0000000080000000, 0x0000000084300000, 0x00000000d5580000)
  object space 68608K, 79% used [0x0000000080000000,0x0000000083504ae8,0x0000000084300000)
 Metaspace       used 58531K, committed 59776K, reserved 1114112K
  class space    used 7097K, committed 7680K, reserved 1048576K
}
Event: 21.270 GC heap before
{Heap before GC invocations=42 (full 3):
 PSYoungGen      total 15360K, used 256K [0x00000000d5580000, 0x00000000d6600000, 0x0000000100000000)
  eden space 14336K, 0% used [0x00000000d5580000,0x00000000d5580000,0x00000000d6380000)
  from space 1024K, 25% used [0x00000000d6400000,0x00000000d6440000,0x00000000d6500000)
  to   space 512K, 0% used [0x00000000d6580000,0x00000000d6580000,0x00000000d6600000)
 ParOldGen       total 68608K, used 54290K [0x0000000080000000, 0x0000000084300000, 0x00000000d5580000)
  object space 68608K, 79% used [0x0000000080000000,0x0000000083504ae8,0x0000000084300000)
 Metaspace       used 58531K, committed 59776K, reserved 1114112K
  class space    used 7097K, committed 7680K, reserved 1048576K
}
Event: 21.349 GC heap after
{Heap after GC invocations=42 (full 3):
 PSYoungGen      total 15360K, used 0K [0x00000000d5580000, 0x00000000d6600000, 0x0000000100000000)
  eden space 14336K, 0% used [0x00000000d5580000,0x00000000d5580000,0x00000000d6380000)
  from space 1024K, 0% used [0x00000000d6400000,0x00000000d6400000,0x00000000d6500000)
  to   space 512K, 0% used [0x00000000d6580000,0x00000000d6580000,0x00000000d6600000)
 ParOldGen       total 68608K, used 51303K [0x0000000080000000, 0x0000000084300000, 0x00000000d5580000)
  object space 68608K, 74% used [0x0000000080000000,0x0000000083219f90,0x0000000084300000)
 Metaspace       used 58531K, committed 59776K, reserved 1114112K
  class space    used 7097K, committed 7680K, reserved 1048576K
}
Event: 21.723 GC heap before
{Heap before GC invocations=43 (full 3):
 PSYoungGen      total 15360K, used 14315K [0x00000000d5580000, 0x00000000d6600000, 0x0000000100000000)
  eden space 14336K, 99% used [0x00000000d5580000,0x00000000d637acd8,0x00000000d6380000)
  from space 1024K, 0% used [0x00000000d6400000,0x00000000d6400000,0x00000000d6500000)
  to   space 512K, 0% used [0x00000000d6580000,0x00000000d6580000,0x00000000d6600000)
 ParOldGen       total 68608K, used 51303K [0x0000000080000000, 0x0000000084300000, 0x00000000d5580000)
  object space 68608K, 74% used [0x0000000080000000,0x0000000083219f90,0x0000000084300000)
 Metaspace       used 59208K, committed 60416K, reserved 1114112K
  class space    used 7265K, committed 7808K, reserved 1048576K
}
Event: 21.724 GC heap after
{Heap after GC invocations=43 (full 3):
 PSYoungGen      total 14848K, used 352K [0x00000000d5580000, 0x00000000d6600000, 0x0000000100000000)
  eden space 14336K, 0% used [0x00000000d5580000,0x00000000d5580000,0x00000000d6380000)
  from space 512K, 68% used [0x00000000d6580000,0x00000000d65d8010,0x00000000d6600000)
  to   space 512K, 0% used [0x00000000d6500000,0x00000000d6500000,0x00000000d6580000)
 ParOldGen       total 68608K, used 51303K [0x0000000080000000, 0x0000000084300000, 0x00000000d5580000)
  object space 68608K, 74% used [0x0000000080000000,0x0000000083219f90,0x0000000084300000)
 Metaspace       used 59208K, committed 60416K, reserved 1114112K
  class space    used 7265K, committed 7808K, reserved 1048576K
}
Event: 22.087 GC heap before
{Heap before GC invocations=44 (full 3):
 PSYoungGen      total 14848K, used 14688K [0x00000000d5580000, 0x00000000d6600000, 0x0000000100000000)
  eden space 14336K, 100% used [0x00000000d5580000,0x00000000d6380000,0x00000000d6380000)
  from space 512K, 68% used [0x00000000d6580000,0x00000000d65d8010,0x00000000d6600000)
  to   space 512K, 0% used [0x00000000d6500000,0x00000000d6500000,0x00000000d6580000)
 ParOldGen       total 68608K, used 51303K [0x0000000080000000, 0x0000000084300000, 0x00000000d5580000)
  object space 68608K, 74% used [0x0000000080000000,0x0000000083219f90,0x0000000084300000)
 Metaspace       used 59834K, committed 61120K, reserved 1114112K
  class space    used 7411K, committed 8000K, reserved 1048576K
}
Event: 22.088 GC heap after
{Heap after GC invocations=44 (full 3):
 PSYoungGen      total 14848K, used 450K [0x00000000d5580000, 0x00000000d6600000, 0x0000000100000000)
  eden space 14336K, 0% used [0x00000000d5580000,0x00000000d5580000,0x00000000d6380000)
  from space 512K, 88% used [0x00000000d6500000,0x00000000d6570b48,0x00000000d6580000)
  to   space 512K, 0% used [0x00000000d6580000,0x00000000d6580000,0x00000000d6600000)
 ParOldGen       total 68608K, used 51501K [0x0000000080000000, 0x0000000084300000, 0x00000000d5580000)
  object space 68608K, 75% used [0x0000000080000000,0x000000008324b670,0x0000000084300000)
 Metaspace       used 59834K, committed 61120K, reserved 1114112K
  class space    used 7411K, committed 8000K, reserved 1048576K
}
Event: 22.411 GC heap before
{Heap before GC invocations=45 (full 3):
 PSYoungGen      total 14848K, used 14786K [0x00000000d5580000, 0x00000000d6600000, 0x0000000100000000)
  eden space 14336K, 100% used [0x00000000d5580000,0x00000000d6380000,0x00000000d6380000)
  from space 512K, 88% used [0x00000000d6500000,0x00000000d6570b48,0x00000000d6580000)
  to   space 512K, 0% used [0x00000000d6580000,0x00000000d6580000,0x00000000d6600000)
 ParOldGen       total 68608K, used 51501K [0x0000000080000000, 0x0000000084300000, 0x00000000d5580000)
  object space 68608K, 75% used [0x0000000080000000,0x000000008324b670,0x0000000084300000)
 Metaspace       used 60681K, committed 61952K, reserved 1114112K
  class space    used 7564K, committed 8128K, reserved 1048576K
}
Event: 22.412 GC heap after
{Heap after GC invocations=45 (full 3):
 PSYoungGen      total 14848K, used 490K [0x00000000d5580000, 0x00000000d6600000, 0x0000000100000000)
  eden space 14336K, 0% used [0x00000000d5580000,0x00000000d5580000,0x00000000d6380000)
  from space 512K, 95% used [0x00000000d6580000,0x00000000d65fa9a0,0x00000000d6600000)
  to   space 512K, 0% used [0x00000000d6500000,0x00000000d6500000,0x00000000d6580000)
 ParOldGen       total 68608K, used 51712K [0x0000000080000000, 0x0000000084300000, 0x00000000d5580000)
  object space 68608K, 75% used [0x0000000080000000,0x0000000083280218,0x0000000084300000)
 Metaspace       used 60681K, committed 61952K, reserved 1114112K
  class space    used 7564K, committed 8128K, reserved 1048576K
}
Event: 22.712 GC heap before
{Heap before GC invocations=46 (full 3):
 PSYoungGen      total 14848K, used 14826K [0x00000000d5580000, 0x00000000d6600000, 0x0000000100000000)
  eden space 14336K, 100% used [0x00000000d5580000,0x00000000d6380000,0x00000000d6380000)
  from space 512K, 95% used [0x00000000d6580000,0x00000000d65fa9a0,0x00000000d6600000)
  to   space 512K, 0% used [0x00000000d6500000,0x00000000d6500000,0x00000000d6580000)
 ParOldGen       total 68608K, used 51712K [0x0000000080000000, 0x0000000084300000, 0x00000000d5580000)
  object space 68608K, 75% used [0x0000000080000000,0x0000000083280218,0x0000000084300000)
 Metaspace       used 61184K, committed 62400K, reserved 1114112K
  class space    used 7659K, committed 8192K, reserved 1048576K
}
Event: 22.714 GC heap after
{Heap after GC invocations=46 (full 3):
 PSYoungGen      total 14848K, used 507K [0x00000000d5580000, 0x00000000d6600000, 0x0000000100000000)
  eden space 14336K, 0% used [0x00000000d5580000,0x00000000d5580000,0x00000000d6380000)
  from space 512K, 99% used [0x00000000d6500000,0x00000000d657eeb8,0x00000000d6580000)
  to   space 512K, 0% used [0x00000000d6580000,0x00000000d6580000,0x00000000d6600000)
 ParOldGen       total 68608K, used 51859K [0x0000000080000000, 0x0000000084300000, 0x00000000d5580000)
  object space 68608K, 75% used [0x0000000080000000,0x00000000832a4d98,0x0000000084300000)
 Metaspace       used 61184K, committed 62400K, reserved 1114112K
  class space    used 7659K, committed 8192K, reserved 1048576K
}
Event: 23.113 GC heap before
{Heap before GC invocations=47 (full 3):
 PSYoungGen      total 14848K, used 14843K [0x00000000d5580000, 0x00000000d6600000, 0x0000000100000000)
  eden space 14336K, 100% used [0x00000000d5580000,0x00000000d6380000,0x00000000d6380000)
  from space 512K, 99% used [0x00000000d6500000,0x00000000d657eeb8,0x00000000d6580000)
  to   space 512K, 0% used [0x00000000d6580000,0x00000000d6580000,0x00000000d6600000)
 ParOldGen       total 68608K, used 51859K [0x0000000080000000, 0x0000000084300000, 0x00000000d5580000)
  object space 68608K, 75% used [0x0000000080000000,0x00000000832a4d98,0x0000000084300000)
 Metaspace       used 61184K, committed 62400K, reserved 1114112K
  class space    used 7659K, committed 8192K, reserved 1048576K
}
Event: 23.114 GC heap after
{Heap after GC invocations=47 (full 3):
 PSYoungGen      total 14848K, used 508K [0x00000000d5580000, 0x00000000d6680000, 0x0000000100000000)
  eden space 14336K, 0% used [0x00000000d5580000,0x00000000d5580000,0x00000000d6380000)
  from space 512K, 99% used [0x00000000d6580000,0x00000000d65ff240,0x00000000d6600000)
  to   space 1536K, 0% used [0x00000000d6380000,0x00000000d6380000,0x00000000d6500000)
 ParOldGen       total 68608K, used 52617K [0x0000000080000000, 0x0000000084300000, 0x00000000d5580000)
  object space 68608K, 76% used [0x0000000080000000,0x00000000833624e8,0x0000000084300000)
 Metaspace       used 61184K, committed 62400K, reserved 1114112K
  class space    used 7659K, committed 8192K, reserved 1048576K
}
Event: 23.432 GC heap before
{Heap before GC invocations=48 (full 3):
 PSYoungGen      total 14848K, used 14844K [0x00000000d5580000, 0x00000000d6680000, 0x0000000100000000)
  eden space 14336K, 100% used [0x00000000d5580000,0x00000000d6380000,0x00000000d6380000)
  from space 512K, 99% used [0x00000000d6580000,0x00000000d65ff240,0x00000000d6600000)
  to   space 1536K, 0% used [0x00000000d6380000,0x00000000d6380000,0x00000000d6500000)
 ParOldGen       total 68608K, used 52617K [0x0000000080000000, 0x0000000084300000, 0x00000000d5580000)
  object space 68608K, 76% used [0x0000000080000000,0x00000000833624e8,0x0000000084300000)
 Metaspace       used 61184K, committed 62400K, reserved 1114112K
  class space    used 7659K, committed 8192K, reserved 1048576K
}
Event: 23.436 GC heap after
{Heap after GC invocations=48 (full 3):
 PSYoungGen      total 15872K, used 422K [0x00000000d5580000, 0x00000000d6600000, 0x0000000100000000)
  eden space 14336K, 0% used [0x00000000d5580000,0x00000000d5580000,0x00000000d6380000)
  from space 1536K, 27% used [0x00000000d6380000,0x00000000d63e9a10,0x00000000d6500000)
  to   space 1024K, 0% used [0x00000000d6500000,0x00000000d6500000,0x00000000d6600000)
 ParOldGen       total 68608K, used 52673K [0x0000000080000000, 0x0000000084300000, 0x00000000d5580000)
  object space 68608K, 76% used [0x0000000080000000,0x00000000833704e8,0x0000000084300000)
 Metaspace       used 61184K, committed 62400K, reserved 1114112K
  class space    used 7659K, committed 8192K, reserved 1048576K
}
Event: 23.685 GC heap before
{Heap before GC invocations=49 (full 3):
 PSYoungGen      total 15872K, used 14758K [0x00000000d5580000, 0x00000000d6600000, 0x0000000100000000)
  eden space 14336K, 100% used [0x00000000d5580000,0x00000000d6380000,0x00000000d6380000)
  from space 1536K, 27% used [0x00000000d6380000,0x00000000d63e9a10,0x00000000d6500000)
  to   space 1024K, 0% used [0x00000000d6500000,0x00000000d6500000,0x00000000d6600000)
 ParOldGen       total 68608K, used 52673K [0x0000000080000000, 0x0000000084300000, 0x00000000d5580000)
  object space 68608K, 76% used [0x0000000080000000,0x00000000833704e8,0x0000000084300000)
 Metaspace       used 61184K, committed 62400K, reserved 1114112K
  class space    used 7659K, committed 8192K, reserved 1048576K
}
Event: 24.535 GC heap after
{Heap after GC invocations=49 (full 3):
 PSYoungGen      total 15360K, used 1023K [0x00000000d5580000, 0x00000000d6680000, 0x0000000100000000)
  eden space 14336K, 0% used [0x00000000d5580000,0x00000000d5580000,0x00000000d6380000)
  from space 1024K, 99% used [0x00000000d6500000,0x00000000d65fff50,0x00000000d6600000)
  to   space 1536K, 0% used [0x00000000d6380000,0x00000000d6380000,0x00000000d6500000)
 ParOldGen       total 68608K, used 52906K [0x0000000080000000, 0x0000000084300000, 0x00000000d5580000)
  object space 68608K, 77% used [0x0000000080000000,0x00000000833aa8f0,0x0000000084300000)
 Metaspace       used 61184K, committed 62400K, reserved 1114112K
  class space    used 7659K, committed 8192K, reserved 1048576K
}

