# JRE version: Java(TM) SE Runtime Environment (17.0.12+8) (build 17.0.12+8-LTS-286)
# Java VM: Java HotSpot(TM) 64-Bit Server VM (17.0.12+8-LTS-286, mixed mode, sharing, tiered, compressed oops, compressed class ptrs, g1 gc, windows-amd64)
GC Precious Log:
 CPUs: 8 total, 8 available
 Memory: 7455M
 Large Page Support: Disabled
 NUMA Support: Disabled
 Compressed Oops: Enabled (32-bit)
 Heap Region Size: 1M
 Heap Min Capacity: 8M
 Heap Initial Capacity: 118M
 Heap Max Capacity: 2G
 Pre-touch: Disabled
 Parallel Workers: 8
 Concurrent Workers: 2
 Concurrent Refinement Workers: 8
 Periodic GC: Disabled
Heap:
 garbage-first heap   total 157696K, used 118556K [0x0000000080000000, 0x0000000100000000)
  region size 1024K, 34 young (34816K), 5 survivors (5120K)
 Metaspace       used 86536K, committed 87360K, reserved 1179648K
  class space    used 11958K, committed 12352K, reserved 1048576K
GC Heap History (20 events):
Event: 24.459 GC heap before
{Heap before GC invocations=41 (full 0):
 garbage-first heap   total 148480K, used 79120K [0x0000000080000000, 0x0000000100000000)
  region size 1024K, 7 young (7168K), 4 survivors (4096K)
 Metaspace       used 65846K, committed 66560K, reserved 1114112K
  class space    used 8961K, committed 9280K, reserved 1048576K
}
Event: 24.461 GC heap after
{Heap after GC invocations=42 (full 0):
 garbage-first heap   total 148480K, used 76195K [0x0000000080000000, 0x0000000100000000)
  region size 1024K, 1 young (1024K), 1 survivors (1024K)
 Metaspace       used 65846K, committed 66560K, reserved 1114112K
  class space    used 8961K, committed 9280K, reserved 1048576K
}
Event: 25.277 GC heap before
{Heap before GC invocations=42 (full 0):
 garbage-first heap   total 148480K, used 113059K [0x0000000080000000, 0x0000000100000000)
  region size 1024K, 37 young (37888K), 1 survivors (1024K)
 Metaspace       used 68402K, committed 69056K, reserved 1114112K
  class space    used 9274K, committed 9600K, reserved 1048576K
}
Event: 25.280 GC heap after
{Heap after GC invocations=43 (full 0):
 garbage-first heap   total 148480K, used 77775K [0x0000000080000000, 0x0000000100000000)
  region size 1024K, 2 young (2048K), 2 survivors (2048K)
 Metaspace       used 68402K, committed 69056K, reserved 1114112K
  class space    used 9274K, committed 9600K, reserved 1048576K
}
Event: 26.454 GC heap before
{Heap before GC invocations=44 (full 0):
 garbage-first heap   total 148480K, used 118735K [0x0000000080000000, 0x0000000100000000)
  region size 1024K, 39 young (39936K), 2 survivors (2048K)
 Metaspace       used 71973K, committed 72704K, reserved 1114112K
  class space    used 9764K, committed 10112K, reserved 1048576K
}
Event: 26.459 GC heap after
{Heap after GC invocations=45 (full 0):
 garbage-first heap   total 148480K, used 82734K [0x0000000080000000, 0x0000000100000000)
  region size 1024K, 4 young (4096K), 4 survivors (4096K)
 Metaspace       used 71973K, committed 72704K, reserved 1114112K
  class space    used 9764K, committed 10112K, reserved 1048576K
}
Event: 26.527 GC heap before
{Heap before GC invocations=45 (full 0):
 garbage-first heap   total 148480K, used 85806K [0x0000000080000000, 0x0000000100000000)
  region size 1024K, 7 young (7168K), 4 survivors (4096K)
 Metaspace       used 72172K, committed 72960K, reserved 1114112K
  class space    used 9793K, committed 10176K, reserved 1048576K
}
Event: 26.530 GC heap after
{Heap after GC invocations=46 (full 0):
 garbage-first heap   total 148480K, used 82738K [0x0000000080000000, 0x0000000100000000)
  region size 1024K, 1 young (1024K), 1 survivors (1024K)
 Metaspace       used 72172K, committed 72960K, reserved 1114112K
  class space    used 9793K, committed 10176K, reserved 1048576K
}
Event: 27.499 GC heap before
{Heap before GC invocations=46 (full 0):
 garbage-first heap   total 148480K, used 118578K [0x0000000080000000, 0x0000000100000000)
  region size 1024K, 36 young (36864K), 1 survivors (1024K)
 Metaspace       used 74622K, committed 75392K, reserved 1114112K
  class space    used 10120K, committed 10496K, reserved 1048576K
}
Event: 27.502 GC heap after
{Heap after GC invocations=47 (full 0):
 garbage-first heap   total 148480K, used 83658K [0x0000000080000000, 0x0000000100000000)
  region size 1024K, 2 young (2048K), 2 survivors (2048K)
 Metaspace       used 74622K, committed 75392K, reserved 1114112K
  class space    used 10120K, committed 10496K, reserved 1048576K
}
Event: 29.205 GC heap before
{Heap before GC invocations=48 (full 0):
 garbage-first heap   total 148480K, used 119498K [0x0000000080000000, 0x0000000100000000)
  region size 1024K, 37 young (37888K), 2 survivors (2048K)
 Metaspace       used 75766K, committed 76544K, reserved 1179648K
  class space    used 10293K, committed 10688K, reserved 1048576K
}
Event: 29.209 GC heap after
{Heap after GC invocations=49 (full 0):
 garbage-first heap   total 148480K, used 85736K [0x0000000080000000, 0x0000000100000000)
  region size 1024K, 4 young (4096K), 4 survivors (4096K)
 Metaspace       used 75766K, committed 76544K, reserved 1179648K
  class space    used 10293K, committed 10688K, reserved 1048576K
}
Event: 30.621 GC heap before
{Heap before GC invocations=49 (full 0):
 garbage-first heap   total 148480K, used 121576K [0x0000000080000000, 0x0000000100000000)
  region size 1024K, 39 young (39936K), 4 survivors (4096K)
 Metaspace       used 78391K, committed 79168K, reserved 1179648K
  class space    used 10635K, committed 11008K, reserved 1048576K
}
Event: 30.626 GC heap after
{Heap after GC invocations=50 (full 0):
 garbage-first heap   total 148480K, used 87047K [0x0000000080000000, 0x0000000100000000)
  region size 1024K, 4 young (4096K), 4 survivors (4096K)
 Metaspace       used 78391K, committed 79168K, reserved 1179648K
  class space    used 10635K, committed 11008K, reserved 1048576K
}
Event: 31.118 GC heap before
{Heap before GC invocations=51 (full 0):
 garbage-first heap   total 153600K, used 101383K [0x0000000080000000, 0x0000000100000000)
  region size 1024K, 19 young (19456K), 4 survivors (4096K)
 Metaspace       used 79382K, committed 80192K, reserved 1179648K
  class space    used 10778K, committed 11200K, reserved 1048576K
}
Event: 31.123 GC heap after
{Heap after GC invocations=52 (full 0):
 garbage-first heap   total 153600K, used 87859K [0x0000000080000000, 0x0000000100000000)
  region size 1024K, 3 young (3072K), 3 survivors (3072K)
 Metaspace       used 79382K, committed 80192K, reserved 1179648K
  class space    used 10778K, committed 11200K, reserved 1048576K
}
Event: 33.339 GC heap before
{Heap before GC invocations=53 (full 0):
 garbage-first heap   total 155648K, used 128819K [0x0000000080000000, 0x0000000100000000)
  region size 1024K, 42 young (43008K), 3 survivors (3072K)
 Metaspace       used 82337K, committed 83200K, reserved 1179648K
  class space    used 11302K, committed 11712K, reserved 1048576K
}
Event: 33.343 GC heap after
{Heap after GC invocations=54 (full 0):
 garbage-first heap   total 155648K, used 88193K [0x0000000080000000, 0x0000000100000000)
  region size 1024K, 3 young (3072K), 3 survivors (3072K)
 Metaspace       used 82337K, committed 83200K, reserved 1179648K
  class space    used 11302K, committed 11712K, reserved 1048576K
}
Event: 36.675 GC heap before
{Heap before GC invocations=54 (full 0):
 garbage-first heap   total 155648K, used 130177K [0x0000000080000000, 0x0000000100000000)
  region size 1024K, 44 young (45056K), 3 survivors (3072K)
 Metaspace       used 85074K, committed 85888K, reserved 1179648K
  class space    used 11709K, committed 12096K, reserved 1048576K
}
Event: 36.679 GC heap after
{Heap after GC invocations=55 (full 0):
 garbage-first heap   total 155648K, used 89884K [0x0000000080000000, 0x0000000100000000)
  region size 1024K, 5 young (5120K), 5 survivors (5120K)
 Metaspace       used 85074K, committed 85888K, reserved 1179648K
  class space    used 11709K, committed 12096K, reserved 1048576K
}

